{"level":"error","message":"Erro de autenticação: E-mail ou senha incorretos"}
{"level":"error","message":"Erro de autenticação: E-mail ou senha incorretos"}
{"level":"error","message":"Erro de autenticação: E-mail ou senha incorretos"}
{"level":"error","message":"Erro de autenticação: E-mail ou senha incorretos"}
{"level":"error","message":"Erro de autenticação: E-mail ou senha incorretos"}
{"level":"error","message":"Erro de autenticação: E-mail ou senha incorretos"}
{"level":"error","message":"Erro de autenticação: E-mail ou senha incorretos"}
{"level":"info","message":"Moeda cadastrada:","nome":"teste"}
{"level":"info","message":"Busca de moedas realizada"}
{"level":"info","message":"Busca de moedas realizada"}
{"level":"info","message":"Busca de moedas realizada"}
{"level":"info","message":"Moeda excluída:","nome":"aaa"}
{"level":"error","message":"Erro de autenticação: E-mail ou senha incorretos"}
{"level":"info","message":"Busca de moedas realizada"}
{"level":"error","message":"Erro de autenticação: E-mail ou senha incorretos"}
{"level":"error","message":"Erro de autenticação: E-mail ou senha incorretos"}
{"level":"error","message":"Erro de autenticação: E-mail ou senha incorretos"}
{"level":"error","message":"Erro de autenticação: E-mail ou senha incorretos"}
{"level":"info","message":"Moeda cadastrada:","nome":"aa"}
{"level":"info","message":"Busca de moedas realizada"}
{"level":"error","message":"Erro de autenticação: E-mail ou senha incorretos"}
{"level":"error","message":"Erro de autenticação: E-mail ou senha incorretos"}
{"level":"info","message":"Moeda cadastrada:","nome":"aa"}
{"level":"info","message":"Busca de moedas realizada"}
{"level":"info","message":"Moeda excluída:","nome":"aa"}
{"level":"info","message":"Moeda excluída:","nome":"aa"}
{"level":"info","message":"Moeda cadastrada:","nome":"teste"}
{"level":"info","message":"Busca de moedas realizada"}
{"level":"info","message":"Moeda excluída:","nome":"teste"}
{"level":"error","message":"Erro ao realizar a autenticação: connection.execute is not a function","stack":"TypeError: connection.execute is not a function\n    at C:\\Users\\Wally\\OneDrive\\Documents\\GitHub\\projwebf1\\projetowebv2\\backend\\src\\routes\\rotasUser.js:79:39\n    at Layer.handle [as handle_request] (C:\\Users\\Wally\\OneDrive\\Documents\\GitHub\\projwebf1\\projetowebv2\\backend\\node_modules\\express\\lib\\router\\layer.js:95:5)\n    at next (C:\\Users\\Wally\\OneDrive\\Documents\\GitHub\\projwebf1\\projetowebv2\\backend\\node_modules\\express\\lib\\router\\route.js:144:13)\n    at handleIncrement (C:\\Users\\Wally\\OneDrive\\Documents\\GitHub\\projwebf1\\projetowebv2\\backend\\node_modules\\express-slow-down\\lib\\express-slow-down.js:134:7)\n    at C:\\Users\\Wally\\OneDrive\\Documents\\GitHub\\projwebf1\\projetowebv2\\backend\\node_modules\\express-slow-down\\lib\\express-slow-down.js:149:11\n    at MemoryStore.incr (C:\\Users\\Wally\\OneDrive\\Documents\\GitHub\\projwebf1\\projetowebv2\\backend\\node_modules\\express-slow-down\\lib\\memory-store.js:20:5)\n    at slowDown (C:\\Users\\Wally\\OneDrive\\Documents\\GitHub\\projwebf1\\projetowebv2\\backend\\node_modules\\express-slow-down\\lib\\express-slow-down.js:145:21)\n    at Layer.handle [as handle_request] (C:\\Users\\Wally\\OneDrive\\Documents\\GitHub\\projwebf1\\projetowebv2\\backend\\node_modules\\express\\lib\\router\\layer.js:95:5)\n    at next (C:\\Users\\Wally\\OneDrive\\Documents\\GitHub\\projwebf1\\projetowebv2\\backend\\node_modules\\express\\lib\\router\\route.js:144:13)\n    at C:\\Users\\Wally\\OneDrive\\Documents\\GitHub\\projwebf1\\projetowebv2\\backend\\node_modules\\express-rate-limit\\dist\\index.cjs:244:7"}
{"level":"error","message":"Erro ao realizar a autenticação: connection.execute is not a function","stack":"TypeError: connection.execute is not a function\n    at C:\\Users\\Wally\\OneDrive\\Documents\\GitHub\\projwebf1\\projetowebv2\\backend\\src\\routes\\rotasUser.js:85:41\n    at Layer.handle [as handle_request] (C:\\Users\\Wally\\OneDrive\\Documents\\GitHub\\projwebf1\\projetowebv2\\backend\\node_modules\\express\\lib\\router\\layer.js:95:5)\n    at next (C:\\Users\\Wally\\OneDrive\\Documents\\GitHub\\projwebf1\\projetowebv2\\backend\\node_modules\\express\\lib\\router\\route.js:144:13)\n    at middleware (C:\\Users\\Wally\\OneDrive\\Documents\\GitHub\\projwebf1\\projetowebv2\\backend\\node_modules\\express-validator\\src\\middlewares\\check.js:16:13)\n    at processTicksAndRejections (node:internal/process/task_queues:96:5)"}
{"level":"info","message":"Moeda cadastrada:","nome":"teste"}
{"level":"info","message":"Busca de moedas realizada"}
{"level":"info","message":"Moeda excluída:","nome":"teste"}
{"level":"error","message":"Erro de autenticação: E-mail ou senha incorretos"}
{"level":"error","message":"Erro de autenticação: E-mail ou senha incorretos"}
{"level":"info","message":"Moeda cadastrada:","nome":"eaas"}
{"level":"info","message":"Busca de moedas realizada"}
{"level":"info","message":"Moeda excluída:","nome":"eaas"}
{"level":"error","message":"Erro de autenticação: E-mail ou senha incorretos"}
{"level":"info","message":"Moeda cadastrada:","nome":"teste12"}
{"level":"info","message":"Busca de moedas realizada"}
{"level":"info","message":"Moeda cadastrada:","nome":"aa"}
{"level":"info","message":"Busca de moedas realizada"}
{"level":"info","message":"Moeda excluída:","nome":"aa"}
{"level":"info","message":"Moeda cadastrada:","nome":"11"}
{"level":"info","message":"Busca de moedas realizada"}
{"level":"info","message":"Moeda excluída:","nome":"11"}
{"level":"error","message":"Erro de autenticação: E-mail ou senha incorretos"}
{"level":"error","message":"Erro de autenticação: E-mail ou senha incorretos"}
{"level":"info","message":"Busca de moedas realizada"}
{"level":"info","message":"Moeda cadastrada:","nome":"teste"}
{"level":"info","message":"Moeda cadastrada:","nome":"aa"}
{"level":"info","message":"Moeda cadastrada:","nome":"aa"}
{"level":"error","message":"Erro de autenticação: E-mail ou senha incorretos"}
{"level":"error","message":"Erro de autenticação: E-mail ou senha incorretos"}
{"level":"error","message":"Erro de autenticação: E-mail ou senha incorretos"}
{"level":"error","message":"Erro de autenticação: E-mail ou senha incorretos"}
{"level":"info","message":"Moeda cadastrada:","nome":"ss"}
{"level":"info","message":"Busca de moedas realizada"}
{"level":"info","message":"Moeda excluída:","nome":"ss"}
{"level":"info","message":"Moeda excluída:","nome":"aa"}
{"level":"info","message":"Moeda excluída:","nome":"aa"}
{"level":"info","message":"Busca de moedas realizada"}
{"level":"error","message":"Erro de autenticação: E-mail ou senha incorretos"}
{"level":"info","message":"Moeda cadastrada:","nome":"aaa"}
